<?xml version="1.0" encoding="UTF-8"?>
<testng-results ignored="0" total="1" passed="1" failed="0" skipped="0">
  <reporter-output>
  </reporter-output>
  <suite started-at="2020-04-30T16:50:15 IST" name="Suite" finished-at="2020-04-30T16:52:43 IST" duration-ms="148059">
    <groups>
    </groups>
    <test started-at="2020-04-30T16:50:15 IST" name="Test" finished-at="2020-04-30T16:52:43 IST" duration-ms="148059">
      <class name="testCase.VerifyCountryRegion">
        <test-method is-config="true" signature="initialization()[pri:0, instance:testCase.VerifyCountryRegion@223aa2f7]" started-at="2020-04-30T16:50:15 IST" name="initialization" finished-at="2020-04-30T16:51:59 IST" duration-ms="103332" status="PASS">
          <reporter-output>
          </reporter-output>
        </test-method> <!-- initialization -->
        <test-method signature="verifyingCountry()[pri:0, instance:testCase.VerifyCountryRegion@223aa2f7]" started-at="2020-04-30T16:51:59 IST" name="verifyingCountry" finished-at="2020-04-30T16:52:39 IST" duration-ms="40390" status="PASS">
          <reporter-output>
          </reporter-output>
        </test-method> <!-- verifyingCountry -->
        <test-method is-config="true" signature="endSession()[pri:0, instance:testCase.VerifyCountryRegion@223aa2f7]" started-at="2020-04-30T16:52:39 IST" name="endSession" finished-at="2020-04-30T16:52:43 IST" duration-ms="4271" status="PASS">
          <reporter-output>
          </reporter-output>
        </test-method> <!-- endSession -->
      </class> <!-- testCase.VerifyCountryRegion -->
    </test> <!-- Test -->
  </suite> <!-- Suite -->
</testng-results>
