<?xml version="1.0" encoding="UTF-8"?>
<testng-results ignored="0" total="1" passed="1" failed="0" skipped="0">
  <reporter-output>
  </reporter-output>
  <suite started-at="2020-04-29T00:15:32 IST" name="Suite" finished-at="2020-04-29T00:17:10 IST" duration-ms="97844">
    <groups>
    </groups>
    <test started-at="2020-04-29T00:15:32 IST" name="Test" finished-at="2020-04-29T00:17:10 IST" duration-ms="97844">
      <class name="testCase.VerifyCountryRegion">
        <test-method signature="verifyingCountry()[pri:0, instance:testCase.VerifyCountryRegion@34f5090e]" started-at="2020-04-29T00:15:33 IST" name="verifyingCountry" finished-at="2020-04-29T00:17:10 IST" duration-ms="97772" status="PASS">
          <reporter-output>
          </reporter-output>
        </test-method> <!-- verifyingCountry -->
      </class> <!-- testCase.VerifyCountryRegion -->
    </test> <!-- Test -->
  </suite> <!-- Suite -->
</testng-results>
